#
# A fatal error has been detected by the Java Runtime Environment:
#
#  Internal Error (javaClasses.cpp:129), pid=7588, tid=6364
#  fatal error: Invalid layout of preloaded class
#
# JRE version: 7.0_09-b05
# Java VM: Java HotSpot(TM) Client VM (23.5-b02 mixed mode windows-x86 )
# Failed to write core dump. Minidumps are not enabled by default on client versions of Windows
#
# If you would like to submit a bug report, please visit:
#   http://bugreport.sun.com/bugreport/crash.jsp
#

---------------  T H R E A D  ---------------

Current thread (0x02b9ac00):  JavaThread "Unknown thread" [_thread_in_vm, id=6364, stack(0x00fb0000,0x01000000)]

Stack: [0x00fb0000,0x01000000],  sp=0x00fff6d4,  free space=317k
Native frames: (J=compiled Java code, j=interpreted, Vv=VM code, C=native code)
V  [jvm.dll+0x16f2f1]
V  [jvm.dll+0x169496]
V  [jvm.dll+0x2082f]
V  [jvm.dll+0x208b6]
V  [jvm.dll+0x2e64d]
V  [jvm.dll+0x2e8f9]
V  [jvm.dll+0x77d01]
V  [jvm.dll+0x780bb]
V  [jvm.dll+0x1290e1]
V  [jvm.dll+0x149b8a]
V  [jvm.dll+0xa997f]
C  [javaw.exe+0x1359]
C  [javaw.exe+0x1dbb]
C  [javaw.exe+0xa0eb]
C  [javaw.exe+0xa175]
C  [KERNEL32.DLL+0x28543]  BaseThreadInitThunk+0xe
C  [ntdll.dll+0x5ac69]  RtlInitializeExceptionChain+0x85
C  [ntdll.dll+0x5ac3c]  RtlInitializeExceptionChain+0x58


---------------  P R O C E S S  ---------------

Java Threads: ( => current thread )

Other Threads:

=>0x02b9ac00 (exited) JavaThread "Unknown thread" [_thread_in_vm, id=6364, stack(0x00fb0000,0x01000000)]

VM state:not at safepoint (not fully initialized)

VM Mutex/Monitor currently owned by a thread: None

GC Heap History (0 events):
No events

Deoptimization events (0 events):
No events

Internal exceptions (0 events):
No events

Events (10 events):
Event: 0.235 loading class 0x02984668 done
Event: 0.236 loading class 0x02965788 done
Event: 0.236 loading class 0x02965940
Event: 0.271 loading class 0x02986c48
Event: 0.288 loading class 0x02986c48 done
Event: 0.288 loading class 0x02986c80
Event: 0.288 loading class 0x02986c80 done
Event: 0.288 loading class 0x029977b0
Event: 0.293 loading class 0x029977b0 done
Event: 0.294 loading class 0x02965940 done


Dynamic libraries:
0x00ae0000 - 0x00b0f000 	C:\Program Files (x86)\Java\jre7\bin\javaw.exe
0x77580000 - 0x776d7000 	C:\WINDOWS\SYSTEM32\ntdll.dll
0x75a40000 - 0x75b70000 	C:\WINDOWS\SYSTEM32\KERNEL32.DLL
0x75500000 - 0x755a6000 	C:\WINDOWS\SYSTEM32\KERNELBASE.dll
0x773c0000 - 0x7746e000 	C:\WINDOWS\SYSTEM32\ADVAPI32.dll
0x755b0000 - 0x756c6000 	C:\WINDOWS\SYSTEM32\USER32.dll
0x73b70000 - 0x73d67000 	C:\WINDOWS\WinSxS\x86_microsoft.windows.common-controls_6595b64144ccf1df_6.0.9200.16384_none_893961408605e985\COMCTL32.dll
0x74cf0000 - 0x74da1000 	C:\WINDOWS\SYSTEM32\msvcrt.dll
0x74c30000 - 0x74c64000 	C:\WINDOWS\SYSTEM32\sechost.dll
0x75400000 - 0x754ac000 	C:\WINDOWS\SYSTEM32\RPCRT4.dll
0x75780000 - 0x7587d000 	C:\WINDOWS\SYSTEM32\GDI32.dll
0x74c10000 - 0x74c2c000 	C:\WINDOWS\SYSTEM32\SspiCli.dll
0x74c00000 - 0x74c09000 	C:\WINDOWS\SYSTEM32\CRYPTBASE.dll
0x74ba0000 - 0x74bf1000 	C:\WINDOWS\SYSTEM32\bcryptPrimitives.dll
0x753e0000 - 0x75400000 	C:\WINDOWS\system32\IMM32.DLL
0x74db0000 - 0x74e8c000 	C:\WINDOWS\SYSTEM32\MSCTF.dll
0x6a8e0000 - 0x6a99e000 	C:\Program Files (x86)\Java\jre7\bin\msvcr100.dll
0x6b3d0000 - 0x6b71d000 	C:\Program Files (x86)\Java\jre7\bin\client\jvm.dll
0x745e0000 - 0x745e8000 	C:\WINDOWS\SYSTEM32\WSOCK32.dll
0x745b0000 - 0x745d1000 	C:\WINDOWS\SYSTEM32\WINMM.dll
0x75290000 - 0x75296000 	C:\WINDOWS\SYSTEM32\PSAPI.DLL
0x75b70000 - 0x75bc0000 	C:\WINDOWS\SYSTEM32\WS2_32.dll
0x74580000 - 0x745aa000 	C:\WINDOWS\SYSTEM32\WINMMBASE.dll
0x76cd0000 - 0x76cd8000 	C:\WINDOWS\SYSTEM32\NSI.dll
0x6ccd0000 - 0x6ccdc000 	C:\Program Files (x86)\Java\jre7\bin\verify.dll
0x6c020000 - 0x6c040000 	C:\Program Files (x86)\Java\jre7\bin\java.dll
0x6be60000 - 0x6be73000 	C:\Program Files (x86)\Java\jre7\bin\zip.dll
0x73570000 - 0x73699000 	C:\WINDOWS\SYSTEM32\dbghelp.dll

VM Arguments:
jvm_args: -Dfile.encoding=Cp1252 -Xbootclasspath:C:\Program Files (x86)\Android\android-sdk\platforms\android-8\android.jar;C:\Program Files (x86)\Android\android-sdk\add-ons\addon-google_apis-google-8\libs\maps.jar 
java_command: org.eclipse.jdt.internal.junit.runner.RemoteTestRunner -version 3 -port 51928 -testLoaderClass org.eclipse.jdt.internal.junit4.runner.JUnit4TestLoader -loaderpluginname org.eclipse.jdt.junit4.runtime -classNames com.mixd.grounds.tour.HelperTest
Launcher Type: SUN_STANDARD

Environment Variables:
PATH=C:/Program Files (x86)/Java/jre7/bin/client;C:/Program Files (x86)/Java/jre7/bin;C:/Program Files (x86)/Java/jre7/lib/i386;C:\WINDOWS\system32;C:\WINDOWS;C:\WINDOWS\System32\Wbem;C:\WINDOWS\System32\WindowsPowerShell\v1.0\;C:\Python27; C\RailsInstaller\Ruby1.9.3\bin; C:\Program Files\MySQL\MySQL Server 5.5\bin;C:\Program Files\nodejs\;C:\Ruby193\bin;C:\RailsInstaller\Git\cmd;C:\RailsInstaller\Ruby1.9.3\bin;C:\Users\Justin Dao\AppData\Roaming\npm\;C:\eclipse;
USERNAME=Justin Dao
OS=Windows_NT
PROCESSOR_IDENTIFIER=Intel64 Family 6 Model 37 Stepping 5, GenuineIntel



---------------  S Y S T E M  ---------------

OS: Windows 8 , 64 bit Build 9200 

CPU:total 4 (2 cores per cpu, 2 threads per core) family 6 model 37 stepping 5, cmov, cx8, fxsr, mmx, sse, sse2, sse3, ssse3, sse4.1, sse4.2, popcnt, ht, tsc, tscinvbit

Memory: 4k page, physical 3985068k(891948k free), swap 6574276k(1232608k free)

vm_info: Java HotSpot(TM) Client VM (23.5-b02) for windows-x86 JRE (1.7.0_09-b05), built on Sep 24 2012 22:01:33 by "java_re" with unknown MS VC++:1600

time: Wed Nov 28 19:20:15 2012
elapsed time: 1 seconds

